[2014-10-10 17:30:46] production.ERROR: exception 'PDOException' with message 'SQLSTATE[42P07]: Duplicate table: 7 ERROR:  la relación «migrations» ya existe' in C:\xampp\htdocs\Git\CentroInvestigacion\vendor\laravel\framework\src\Illuminate\Database\Connection.php:369
Stack trace:
#0 C:\xampp\htdocs\Git\CentroInvestigacion\vendor\laravel\framework\src\Illuminate\Database\Connection.php(369): PDOStatement->execute(Array)
#1 C:\xampp\htdocs\Git\CentroInvestigacion\vendor\laravel\framework\src\Illuminate\Database\Connection.php(617): Illuminate\Database\Connection->Illuminate\Database\{closure}(Object(Illuminate\Database\PostgresConnection), 'create table "m...', Array)
#2 C:\xampp\htdocs\Git\CentroInvestigacion\vendor\laravel\framework\src\Illuminate\Database\Connection.php(581): Illuminate\Database\Connection->runQueryCallback('create table "m...', Array, Object(Closure))
#3 C:\xampp\htdocs\Git\CentroInvestigacion\vendor\laravel\framework\src\Illuminate\Database\Connection.php(370): Illuminate\Database\Connection->run('create table "m...', Array, Object(Closure))
#4 C:\xampp\htdocs\Git\CentroInvestigacion\vendor\laravel\framework\src\Illuminate\Database\Schema\Blueprint.php(63): Illuminate\Database\Connection->statement('create table "m...')
#5 C:\xampp\htdocs\Git\CentroInvestigacion\vendor\laravel\framework\src\Illuminate\Database\Schema\Builder.php(169): Illuminate\Database\Schema\Blueprint->build(Object(Illuminate\Database\PostgresConnection), Object(Illuminate\Database\Schema\Grammars\PostgresGrammar))
#6 C:\xampp\htdocs\Git\CentroInvestigacion\vendor\laravel\framework\src\Illuminate\Database\Schema\Builder.php(112): Illuminate\Database\Schema\Builder->build(Object(Illuminate\Database\Schema\Blueprint))
#7 C:\xampp\htdocs\Git\CentroInvestigacion\vendor\laravel\framework\src\Illuminate\Database\Migrations\DatabaseMigrationRepository.php(125): Illuminate\Database\Schema\Builder->create('migrations', Object(Closure))
#8 C:\xampp\htdocs\Git\CentroInvestigacion\vendor\laravel\framework\src\Illuminate\Database\Console\Migrations\InstallCommand.php(52): Illuminate\Database\Migrations\DatabaseMigrationRepository->createRepository()
#9 C:\xampp\htdocs\Git\CentroInvestigacion\vendor\laravel\framework\src\Illuminate\Console\Command.php(112): Illuminate\Database\Console\Migrations\InstallCommand->fire()
#10 C:\xampp\htdocs\Git\CentroInvestigacion\vendor\symfony\console\Symfony\Component\Console\Command\Command.php(252): Illuminate\Console\Command->execute(Object(Symfony\Component\Console\Input\ArgvInput), Object(Symfony\Component\Console\Output\ConsoleOutput))
#11 C:\xampp\htdocs\Git\CentroInvestigacion\vendor\laravel\framework\src\Illuminate\Console\Command.php(100): Symfony\Component\Console\Command\Command->run(Object(Symfony\Component\Console\Input\ArgvInput), Object(Symfony\Component\Console\Output\ConsoleOutput))
#12 C:\xampp\htdocs\Git\CentroInvestigacion\vendor\symfony\console\Symfony\Component\Console\Application.php(889): Illuminate\Console\Command->run(Object(Symfony\Component\Console\Input\ArgvInput), Object(Symfony\Component\Console\Output\ConsoleOutput))
#13 C:\xampp\htdocs\Git\CentroInvestigacion\vendor\symfony\console\Symfony\Component\Console\Application.php(193): Symfony\Component\Console\Application->doRunCommand(Object(Illuminate\Database\Console\Migrations\InstallCommand), Object(Symfony\Component\Console\Input\ArgvInput), Object(Symfony\Component\Console\Output\ConsoleOutput))
#14 C:\xampp\htdocs\Git\CentroInvestigacion\vendor\symfony\console\Symfony\Component\Console\Application.php(124): Symfony\Component\Console\Application->doRun(Object(Symfony\Component\Console\Input\ArgvInput), Object(Symfony\Component\Console\Output\ConsoleOutput))
#15 C:\xampp\htdocs\Git\CentroInvestigacion\artisan(59): Symfony\Component\Console\Application->run()
#16 {main}

Next exception 'Illuminate\Database\QueryException' with message 'SQLSTATE[42P07]: Duplicate table: 7 ERROR:  la relación «migrations» ya existe (SQL: create table "migrations" ("migration" varchar(255) not null, "batch" integer not null))' in C:\xampp\htdocs\Git\CentroInvestigacion\vendor\laravel\framework\src\Illuminate\Database\Connection.php:625
Stack trace:
#0 C:\xampp\htdocs\Git\CentroInvestigacion\vendor\laravel\framework\src\Illuminate\Database\Connection.php(581): Illuminate\Database\Connection->runQueryCallback('create table "m...', Array, Object(Closure))
#1 C:\xampp\htdocs\Git\CentroInvestigacion\vendor\laravel\framework\src\Illuminate\Database\Connection.php(370): Illuminate\Database\Connection->run('create table "m...', Array, Object(Closure))
#2 C:\xampp\htdocs\Git\CentroInvestigacion\vendor\laravel\framework\src\Illuminate\Database\Schema\Blueprint.php(63): Illuminate\Database\Connection->statement('create table "m...')
#3 C:\xampp\htdocs\Git\CentroInvestigacion\vendor\laravel\framework\src\Illuminate\Database\Schema\Builder.php(169): Illuminate\Database\Schema\Blueprint->build(Object(Illuminate\Database\PostgresConnection), Object(Illuminate\Database\Schema\Grammars\PostgresGrammar))
#4 C:\xampp\htdocs\Git\CentroInvestigacion\vendor\laravel\framework\src\Illuminate\Database\Schema\Builder.php(112): Illuminate\Database\Schema\Builder->build(Object(Illuminate\Database\Schema\Blueprint))
#5 C:\xampp\htdocs\Git\CentroInvestigacion\vendor\laravel\framework\src\Illuminate\Database\Migrations\DatabaseMigrationRepository.php(125): Illuminate\Database\Schema\Builder->create('migrations', Object(Closure))
#6 C:\xampp\htdocs\Git\CentroInvestigacion\vendor\laravel\framework\src\Illuminate\Database\Console\Migrations\InstallCommand.php(52): Illuminate\Database\Migrations\DatabaseMigrationRepository->createRepository()
#7 C:\xampp\htdocs\Git\CentroInvestigacion\vendor\laravel\framework\src\Illuminate\Console\Command.php(112): Illuminate\Database\Console\Migrations\InstallCommand->fire()
#8 C:\xampp\htdocs\Git\CentroInvestigacion\vendor\symfony\console\Symfony\Component\Console\Command\Command.php(252): Illuminate\Console\Command->execute(Object(Symfony\Component\Console\Input\ArgvInput), Object(Symfony\Component\Console\Output\ConsoleOutput))
#9 C:\xampp\htdocs\Git\CentroInvestigacion\vendor\laravel\framework\src\Illuminate\Console\Command.php(100): Symfony\Component\Console\Command\Command->run(Object(Symfony\Component\Console\Input\ArgvInput), Object(Symfony\Component\Console\Output\ConsoleOutput))
#10 C:\xampp\htdocs\Git\CentroInvestigacion\vendor\symfony\console\Symfony\Component\Console\Application.php(889): Illuminate\Console\Command->run(Object(Symfony\Component\Console\Input\ArgvInput), Object(Symfony\Component\Console\Output\ConsoleOutput))
#11 C:\xampp\htdocs\Git\CentroInvestigacion\vendor\symfony\console\Symfony\Component\Console\Application.php(193): Symfony\Component\Console\Application->doRunCommand(Object(Illuminate\Database\Console\Migrations\InstallCommand), Object(Symfony\Component\Console\Input\ArgvInput), Object(Symfony\Component\Console\Output\ConsoleOutput))
#12 C:\xampp\htdocs\Git\CentroInvestigacion\vendor\symfony\console\Symfony\Component\Console\Application.php(124): Symfony\Component\Console\Application->doRun(Object(Symfony\Component\Console\Input\ArgvInput), Object(Symfony\Component\Console\Output\ConsoleOutput))
#13 C:\xampp\htdocs\Git\CentroInvestigacion\artisan(59): Symfony\Component\Console\Application->run()
#14 {main} [] []
[2014-10-10 18:09:11] production.ERROR: exception 'Symfony\Component\Debug\Exception\FatalErrorException' with message 'syntax error, unexpected 'public' (T_PUBLIC)' in C:\xampp\htdocs\Git\CentroInvestigacion\app\database\migrations\2014_10_10_173310_cinv_grupos.php:51
Stack trace:
#0 [internal function]: Illuminate\Exception\Handler->handleShutdown()
#1 {main} [] []
[2014-10-10 18:10:46] production.ERROR: exception 'PDOException' with message 'SQLSTATE[42P16]: Invalid table definition: 7 ERROR:  no se permiten múltiples llaves primarias para la tabla «inv_grupos»' in C:\xampp\htdocs\Git\CentroInvestigacion\vendor\laravel\framework\src\Illuminate\Database\Connection.php:369
Stack trace:
#0 C:\xampp\htdocs\Git\CentroInvestigacion\vendor\laravel\framework\src\Illuminate\Database\Connection.php(369): PDOStatement->execute(Array)
#1 C:\xampp\htdocs\Git\CentroInvestigacion\vendor\laravel\framework\src\Illuminate\Database\Connection.php(617): Illuminate\Database\Connection->Illuminate\Database\{closure}(Object(Illuminate\Database\PostgresConnection), 'alter table "in...', Array)
#2 C:\xampp\htdocs\Git\CentroInvestigacion\vendor\laravel\framework\src\Illuminate\Database\Connection.php(581): Illuminate\Database\Connection->runQueryCallback('alter table "in...', Array, Object(Closure))
#3 C:\xampp\htdocs\Git\CentroInvestigacion\vendor\laravel\framework\src\Illuminate\Database\Connection.php(370): Illuminate\Database\Connection->run('alter table "in...', Array, Object(Closure))
#4 C:\xampp\htdocs\Git\CentroInvestigacion\vendor\laravel\framework\src\Illuminate\Database\Schema\Blueprint.php(63): Illuminate\Database\Connection->statement('alter table "in...')
#5 C:\xampp\htdocs\Git\CentroInvestigacion\vendor\laravel\framework\src\Illuminate\Database\Schema\Builder.php(169): Illuminate\Database\Schema\Blueprint->build(Object(Illuminate\Database\PostgresConnection), Object(Illuminate\Database\Schema\Grammars\PostgresGrammar))
#6 C:\xampp\htdocs\Git\CentroInvestigacion\vendor\laravel\framework\src\Illuminate\Database\Schema\Builder.php(112): Illuminate\Database\Schema\Builder->build(Object(Illuminate\Database\Schema\Blueprint))
#7 C:\xampp\htdocs\Git\CentroInvestigacion\bootstrap\compiled.php(3238): Illuminate\Database\Schema\Builder->create('inv_grupos', Object(Closure))
#8 C:\xampp\htdocs\Git\CentroInvestigacion\app\database\migrations\2014_10_10_173310_cinv_grupos.php(44): Illuminate\Support\Facades\Facade::__callStatic('create', Array)
#9 C:\xampp\htdocs\Git\CentroInvestigacion\app\database\migrations\2014_10_10_173310_cinv_grupos.php(44): Illuminate\Support\Facades\Schema::create('inv_grupos', Object(Closure))
#10 C:\xampp\htdocs\Git\CentroInvestigacion\vendor\laravel\framework\src\Illuminate\Database\Migrations\Migrator.php(135): CinvGrupos->up()
#11 C:\xampp\htdocs\Git\CentroInvestigacion\vendor\laravel\framework\src\Illuminate\Database\Migrations\Migrator.php(111): Illuminate\Database\Migrations\Migrator->runUp('2014_10_10_1733...', 2, false)
#12 C:\xampp\htdocs\Git\CentroInvestigacion\vendor\laravel\framework\src\Illuminate\Database\Migrations\Migrator.php(82): Illuminate\Database\Migrations\Migrator->runMigrationList(Array, false)
#13 C:\xampp\htdocs\Git\CentroInvestigacion\vendor\laravel\framework\src\Illuminate\Database\Console\Migrations\MigrateCommand.php(70): Illuminate\Database\Migrations\Migrator->run('C:\\xampp\\htdocs...', false)
#14 C:\xampp\htdocs\Git\CentroInvestigacion\vendor\laravel\framework\src\Illuminate\Console\Command.php(112): Illuminate\Database\Console\Migrations\MigrateCommand->fire()
#15 C:\xampp\htdocs\Git\CentroInvestigacion\vendor\symfony\console\Symfony\Component\Console\Command\Command.php(252): Illuminate\Console\Command->execute(Object(Symfony\Component\Console\Input\ArgvInput), Object(Symfony\Component\Console\Output\ConsoleOutput))
#16 C:\xampp\htdocs\Git\CentroInvestigacion\vendor\laravel\framework\src\Illuminate\Console\Command.php(100): Symfony\Component\Console\Command\Command->run(Object(Symfony\Component\Console\Input\ArgvInput), Object(Symfony\Component\Console\Output\ConsoleOutput))
#17 C:\xampp\htdocs\Git\CentroInvestigacion\vendor\symfony\console\Symfony\Component\Console\Application.php(889): Illuminate\Console\Command->run(Object(Symfony\Component\Console\Input\ArgvInput), Object(Symfony\Component\Console\Output\ConsoleOutput))
#18 C:\xampp\htdocs\Git\CentroInvestigacion\vendor\symfony\console\Symfony\Component\Console\Application.php(193): Symfony\Component\Console\Application->doRunCommand(Object(Illuminate\Database\Console\Migrations\MigrateCommand), Object(Symfony\Component\Console\Input\ArgvInput), Object(Symfony\Component\Console\Output\ConsoleOutput))
#19 C:\xampp\htdocs\Git\CentroInvestigacion\vendor\symfony\console\Symfony\Component\Console\Application.php(124): Symfony\Component\Console\Application->doRun(Object(Symfony\Component\Console\Input\ArgvInput), Object(Symfony\Component\Console\Output\ConsoleOutput))
#20 C:\xampp\htdocs\Git\CentroInvestigacion\artisan(59): Symfony\Component\Console\Application->run()
#21 {main}

Next exception 'Illuminate\Database\QueryException' with message 'SQLSTATE[42P16]: Invalid table definition: 7 ERROR:  no se permiten múltiples llaves primarias para la tabla «inv_grupos» (SQL: alter table "inv_grupos" add primary key ("codigo_grupo"))' in C:\xampp\htdocs\Git\CentroInvestigacion\vendor\laravel\framework\src\Illuminate\Database\Connection.php:625
Stack trace:
#0 C:\xampp\htdocs\Git\CentroInvestigacion\vendor\laravel\framework\src\Illuminate\Database\Connection.php(581): Illuminate\Database\Connection->runQueryCallback('alter table "in...', Array, Object(Closure))
#1 C:\xampp\htdocs\Git\CentroInvestigacion\vendor\laravel\framework\src\Illuminate\Database\Connection.php(370): Illuminate\Database\Connection->run('alter table "in...', Array, Object(Closure))
#2 C:\xampp\htdocs\Git\CentroInvestigacion\vendor\laravel\framework\src\Illuminate\Database\Schema\Blueprint.php(63): Illuminate\Database\Connection->statement('alter table "in...')
#3 C:\xampp\htdocs\Git\CentroInvestigacion\vendor\laravel\framework\src\Illuminate\Database\Schema\Builder.php(169): Illuminate\Database\Schema\Blueprint->build(Object(Illuminate\Database\PostgresConnection), Object(Illuminate\Database\Schema\Grammars\PostgresGrammar))
#4 C:\xampp\htdocs\Git\CentroInvestigacion\vendor\laravel\framework\src\Illuminate\Database\Schema\Builder.php(112): Illuminate\Database\Schema\Builder->build(Object(Illuminate\Database\Schema\Blueprint))
#5 C:\xampp\htdocs\Git\CentroInvestigacion\bootstrap\compiled.php(3238): Illuminate\Database\Schema\Builder->create('inv_grupos', Object(Closure))
#6 C:\xampp\htdocs\Git\CentroInvestigacion\app\database\migrations\2014_10_10_173310_cinv_grupos.php(44): Illuminate\Support\Facades\Facade::__callStatic('create', Array)
#7 C:\xampp\htdocs\Git\CentroInvestigacion\app\database\migrations\2014_10_10_173310_cinv_grupos.php(44): Illuminate\Support\Facades\Schema::create('inv_grupos', Object(Closure))
#8 C:\xampp\htdocs\Git\CentroInvestigacion\vendor\laravel\framework\src\Illuminate\Database\Migrations\Migrator.php(135): CinvGrupos->up()
#9 C:\xampp\htdocs\Git\CentroInvestigacion\vendor\laravel\framework\src\Illuminate\Database\Migrations\Migrator.php(111): Illuminate\Database\Migrations\Migrator->runUp('2014_10_10_1733...', 2, false)
#10 C:\xampp\htdocs\Git\CentroInvestigacion\vendor\laravel\framework\src\Illuminate\Database\Migrations\Migrator.php(82): Illuminate\Database\Migrations\Migrator->runMigrationList(Array, false)
#11 C:\xampp\htdocs\Git\CentroInvestigacion\vendor\laravel\framework\src\Illuminate\Database\Console\Migrations\MigrateCommand.php(70): Illuminate\Database\Migrations\Migrator->run('C:\\xampp\\htdocs...', false)
#12 C:\xampp\htdocs\Git\CentroInvestigacion\vendor\laravel\framework\src\Illuminate\Console\Command.php(112): Illuminate\Database\Console\Migrations\MigrateCommand->fire()
#13 C:\xampp\htdocs\Git\CentroInvestigacion\vendor\symfony\console\Symfony\Component\Console\Command\Command.php(252): Illuminate\Console\Command->execute(Object(Symfony\Component\Console\Input\ArgvInput), Object(Symfony\Component\Console\Output\ConsoleOutput))
#14 C:\xampp\htdocs\Git\CentroInvestigacion\vendor\laravel\framework\src\Illuminate\Console\Command.php(100): Symfony\Component\Console\Command\Command->run(Object(Symfony\Component\Console\Input\ArgvInput), Object(Symfony\Component\Console\Output\ConsoleOutput))
#15 C:\xampp\htdocs\Git\CentroInvestigacion\vendor\symfony\console\Symfony\Component\Console\Application.php(889): Illuminate\Console\Command->run(Object(Symfony\Component\Console\Input\ArgvInput), Object(Symfony\Component\Console\Output\ConsoleOutput))
#16 C:\xampp\htdocs\Git\CentroInvestigacion\vendor\symfony\console\Symfony\Component\Console\Application.php(193): Symfony\Component\Console\Application->doRunCommand(Object(Illuminate\Database\Console\Migrations\MigrateCommand), Object(Symfony\Component\Console\Input\ArgvInput), Object(Symfony\Component\Console\Output\ConsoleOutput))
#17 C:\xampp\htdocs\Git\CentroInvestigacion\vendor\symfony\console\Symfony\Component\Console\Application.php(124): Symfony\Component\Console\Application->doRun(Object(Symfony\Component\Console\Input\ArgvInput), Object(Symfony\Component\Console\Output\ConsoleOutput))
#18 C:\xampp\htdocs\Git\CentroInvestigacion\artisan(59): Symfony\Component\Console\Application->run()
#19 {main} [] []
[2014-10-10 18:12:33] production.ERROR: exception 'PDOException' with message 'SQLSTATE[42P07]: Duplicate table: 7 ERROR:  la relación «inv_tipo_grupos» ya existe' in C:\xampp\htdocs\Git\CentroInvestigacion\vendor\laravel\framework\src\Illuminate\Database\Connection.php:369
Stack trace:
#0 C:\xampp\htdocs\Git\CentroInvestigacion\vendor\laravel\framework\src\Illuminate\Database\Connection.php(369): PDOStatement->execute(Array)
#1 C:\xampp\htdocs\Git\CentroInvestigacion\vendor\laravel\framework\src\Illuminate\Database\Connection.php(617): Illuminate\Database\Connection->Illuminate\Database\{closure}(Object(Illuminate\Database\PostgresConnection), 'create table "i...', Array)
#2 C:\xampp\htdocs\Git\CentroInvestigacion\vendor\laravel\framework\src\Illuminate\Database\Connection.php(581): Illuminate\Database\Connection->runQueryCallback('create table "i...', Array, Object(Closure))
#3 C:\xampp\htdocs\Git\CentroInvestigacion\vendor\laravel\framework\src\Illuminate\Database\Connection.php(370): Illuminate\Database\Connection->run('create table "i...', Array, Object(Closure))
#4 C:\xampp\htdocs\Git\CentroInvestigacion\vendor\laravel\framework\src\Illuminate\Database\Schema\Blueprint.php(63): Illuminate\Database\Connection->statement('create table "i...')
#5 C:\xampp\htdocs\Git\CentroInvestigacion\vendor\laravel\framework\src\Illuminate\Database\Schema\Builder.php(169): Illuminate\Database\Schema\Blueprint->build(Object(Illuminate\Database\PostgresConnection), Object(Illuminate\Database\Schema\Grammars\PostgresGrammar))
#6 C:\xampp\htdocs\Git\CentroInvestigacion\vendor\laravel\framework\src\Illuminate\Database\Schema\Builder.php(112): Illuminate\Database\Schema\Builder->build(Object(Illuminate\Database\Schema\Blueprint))
#7 C:\xampp\htdocs\Git\CentroInvestigacion\bootstrap\compiled.php(3238): Illuminate\Database\Schema\Builder->create('inv_tipo_grupos', Object(Closure))
#8 C:\xampp\htdocs\Git\CentroInvestigacion\app\database\migrations\2014_10_10_173310_cinv_grupos.php(21): Illuminate\Support\Facades\Facade::__callStatic('create', Array)
#9 C:\xampp\htdocs\Git\CentroInvestigacion\app\database\migrations\2014_10_10_173310_cinv_grupos.php(21): Illuminate\Support\Facades\Schema::create('inv_tipo_grupos', Object(Closure))
#10 C:\xampp\htdocs\Git\CentroInvestigacion\vendor\laravel\framework\src\Illuminate\Database\Migrations\Migrator.php(135): CinvGrupos->up()
#11 C:\xampp\htdocs\Git\CentroInvestigacion\vendor\laravel\framework\src\Illuminate\Database\Migrations\Migrator.php(111): Illuminate\Database\Migrations\Migrator->runUp('2014_10_10_1733...', 2, false)
#12 C:\xampp\htdocs\Git\CentroInvestigacion\vendor\laravel\framework\src\Illuminate\Database\Migrations\Migrator.php(82): Illuminate\Database\Migrations\Migrator->runMigrationList(Array, false)
#13 C:\xampp\htdocs\Git\CentroInvestigacion\vendor\laravel\framework\src\Illuminate\Database\Console\Migrations\MigrateCommand.php(70): Illuminate\Database\Migrations\Migrator->run('C:\\xampp\\htdocs...', false)
#14 C:\xampp\htdocs\Git\CentroInvestigacion\vendor\laravel\framework\src\Illuminate\Console\Command.php(112): Illuminate\Database\Console\Migrations\MigrateCommand->fire()
#15 C:\xampp\htdocs\Git\CentroInvestigacion\vendor\symfony\console\Symfony\Component\Console\Command\Command.php(252): Illuminate\Console\Command->execute(Object(Symfony\Component\Console\Input\ArgvInput), Object(Symfony\Component\Console\Output\ConsoleOutput))
#16 C:\xampp\htdocs\Git\CentroInvestigacion\vendor\laravel\framework\src\Illuminate\Console\Command.php(100): Symfony\Component\Console\Command\Command->run(Object(Symfony\Component\Console\Input\ArgvInput), Object(Symfony\Component\Console\Output\ConsoleOutput))
#17 C:\xampp\htdocs\Git\CentroInvestigacion\vendor\symfony\console\Symfony\Component\Console\Application.php(889): Illuminate\Console\Command->run(Object(Symfony\Component\Console\Input\ArgvInput), Object(Symfony\Component\Console\Output\ConsoleOutput))
#18 C:\xampp\htdocs\Git\CentroInvestigacion\vendor\symfony\console\Symfony\Component\Console\Application.php(193): Symfony\Component\Console\Application->doRunCommand(Object(Illuminate\Database\Console\Migrations\MigrateCommand), Object(Symfony\Component\Console\Input\ArgvInput), Object(Symfony\Component\Console\Output\ConsoleOutput))
#19 C:\xampp\htdocs\Git\CentroInvestigacion\vendor\symfony\console\Symfony\Component\Console\Application.php(124): Symfony\Component\Console\Application->doRun(Object(Symfony\Component\Console\Input\ArgvInput), Object(Symfony\Component\Console\Output\ConsoleOutput))
#20 C:\xampp\htdocs\Git\CentroInvestigacion\artisan(59): Symfony\Component\Console\Application->run()
#21 {main}

Next exception 'Illuminate\Database\QueryException' with message 'SQLSTATE[42P07]: Duplicate table: 7 ERROR:  la relación «inv_tipo_grupos» ya existe (SQL: create table "inv_tipo_grupos" ("id_tipo_grupo" serial primary key not null, "nombre_grupo" text not null))' in C:\xampp\htdocs\Git\CentroInvestigacion\vendor\laravel\framework\src\Illuminate\Database\Connection.php:625
Stack trace:
#0 C:\xampp\htdocs\Git\CentroInvestigacion\vendor\laravel\framework\src\Illuminate\Database\Connection.php(581): Illuminate\Database\Connection->runQueryCallback('create table "i...', Array, Object(Closure))
#1 C:\xampp\htdocs\Git\CentroInvestigacion\vendor\laravel\framework\src\Illuminate\Database\Connection.php(370): Illuminate\Database\Connection->run('create table "i...', Array, Object(Closure))
#2 C:\xampp\htdocs\Git\CentroInvestigacion\vendor\laravel\framework\src\Illuminate\Database\Schema\Blueprint.php(63): Illuminate\Database\Connection->statement('create table "i...')
#3 C:\xampp\htdocs\Git\CentroInvestigacion\vendor\laravel\framework\src\Illuminate\Database\Schema\Builder.php(169): Illuminate\Database\Schema\Blueprint->build(Object(Illuminate\Database\PostgresConnection), Object(Illuminate\Database\Schema\Grammars\PostgresGrammar))
#4 C:\xampp\htdocs\Git\CentroInvestigacion\vendor\laravel\framework\src\Illuminate\Database\Schema\Builder.php(112): Illuminate\Database\Schema\Builder->build(Object(Illuminate\Database\Schema\Blueprint))
#5 C:\xampp\htdocs\Git\CentroInvestigacion\bootstrap\compiled.php(3238): Illuminate\Database\Schema\Builder->create('inv_tipo_grupos', Object(Closure))
#6 C:\xampp\htdocs\Git\CentroInvestigacion\app\database\migrations\2014_10_10_173310_cinv_grupos.php(21): Illuminate\Support\Facades\Facade::__callStatic('create', Array)
#7 C:\xampp\htdocs\Git\CentroInvestigacion\app\database\migrations\2014_10_10_173310_cinv_grupos.php(21): Illuminate\Support\Facades\Schema::create('inv_tipo_grupos', Object(Closure))
#8 C:\xampp\htdocs\Git\CentroInvestigacion\vendor\laravel\framework\src\Illuminate\Database\Migrations\Migrator.php(135): CinvGrupos->up()
#9 C:\xampp\htdocs\Git\CentroInvestigacion\vendor\laravel\framework\src\Illuminate\Database\Migrations\Migrator.php(111): Illuminate\Database\Migrations\Migrator->runUp('2014_10_10_1733...', 2, false)
#10 C:\xampp\htdocs\Git\CentroInvestigacion\vendor\laravel\framework\src\Illuminate\Database\Migrations\Migrator.php(82): Illuminate\Database\Migrations\Migrator->runMigrationList(Array, false)
#11 C:\xampp\htdocs\Git\CentroInvestigacion\vendor\laravel\framework\src\Illuminate\Database\Console\Migrations\MigrateCommand.php(70): Illuminate\Database\Migrations\Migrator->run('C:\\xampp\\htdocs...', false)
#12 C:\xampp\htdocs\Git\CentroInvestigacion\vendor\laravel\framework\src\Illuminate\Console\Command.php(112): Illuminate\Database\Console\Migrations\MigrateCommand->fire()
#13 C:\xampp\htdocs\Git\CentroInvestigacion\vendor\symfony\console\Symfony\Component\Console\Command\Command.php(252): Illuminate\Console\Command->execute(Object(Symfony\Component\Console\Input\ArgvInput), Object(Symfony\Component\Console\Output\ConsoleOutput))
#14 C:\xampp\htdocs\Git\CentroInvestigacion\vendor\laravel\framework\src\Illuminate\Console\Command.php(100): Symfony\Component\Console\Command\Command->run(Object(Symfony\Component\Console\Input\ArgvInput), Object(Symfony\Component\Console\Output\ConsoleOutput))
#15 C:\xampp\htdocs\Git\CentroInvestigacion\vendor\symfony\console\Symfony\Component\Console\Application.php(889): Illuminate\Console\Command->run(Object(Symfony\Component\Console\Input\ArgvInput), Object(Symfony\Component\Console\Output\ConsoleOutput))
#16 C:\xampp\htdocs\Git\CentroInvestigacion\vendor\symfony\console\Symfony\Component\Console\Application.php(193): Symfony\Component\Console\Application->doRunCommand(Object(Illuminate\Database\Console\Migrations\MigrateCommand), Object(Symfony\Component\Console\Input\ArgvInput), Object(Symfony\Component\Console\Output\ConsoleOutput))
#17 C:\xampp\htdocs\Git\CentroInvestigacion\vendor\symfony\console\Symfony\Component\Console\Application.php(124): Symfony\Component\Console\Application->doRun(Object(Symfony\Component\Console\Input\ArgvInput), Object(Symfony\Component\Console\Output\ConsoleOutput))
#18 C:\xampp\htdocs\Git\CentroInvestigacion\artisan(59): Symfony\Component\Console\Application->run()
#19 {main} [] []
[2014-10-10 18:15:19] production.ERROR: exception 'InvalidArgumentException' with message 'Command "migrate:roolback" is not defined.

Did you mean one of these?
    migrate:rollback
    migrate:reset
    migrate:refresh
    migrate:install
    migrate
    migrate:make
    migrate:publish' in C:\xampp\htdocs\Git\CentroInvestigacion\vendor\symfony\console\Symfony\Component\Console\Application.php:564
Stack trace:
#0 C:\xampp\htdocs\Git\CentroInvestigacion\vendor\symfony\console\Symfony\Component\Console\Application.php(190): Symfony\Component\Console\Application->find('migrate:roolbac...')
#1 C:\xampp\htdocs\Git\CentroInvestigacion\vendor\symfony\console\Symfony\Component\Console\Application.php(124): Symfony\Component\Console\Application->doRun(Object(Symfony\Component\Console\Input\ArgvInput), Object(Symfony\Component\Console\Output\ConsoleOutput))
#2 C:\xampp\htdocs\Git\CentroInvestigacion\artisan(59): Symfony\Component\Console\Application->run()
#3 {main} [] []
[2014-10-10 18:15:26] production.ERROR: exception 'PDOException' with message 'SQLSTATE[42P07]: Duplicate table: 7 ERROR:  la relación «inv_tipo_grupos» ya existe' in C:\xampp\htdocs\Git\CentroInvestigacion\vendor\laravel\framework\src\Illuminate\Database\Connection.php:369
Stack trace:
#0 C:\xampp\htdocs\Git\CentroInvestigacion\vendor\laravel\framework\src\Illuminate\Database\Connection.php(369): PDOStatement->execute(Array)
#1 C:\xampp\htdocs\Git\CentroInvestigacion\vendor\laravel\framework\src\Illuminate\Database\Connection.php(617): Illuminate\Database\Connection->Illuminate\Database\{closure}(Object(Illuminate\Database\PostgresConnection), 'create table "i...', Array)
#2 C:\xampp\htdocs\Git\CentroInvestigacion\vendor\laravel\framework\src\Illuminate\Database\Connection.php(581): Illuminate\Database\Connection->runQueryCallback('create table "i...', Array, Object(Closure))
#3 C:\xampp\htdocs\Git\CentroInvestigacion\vendor\laravel\framework\src\Illuminate\Database\Connection.php(370): Illuminate\Database\Connection->run('create table "i...', Array, Object(Closure))
#4 C:\xampp\htdocs\Git\CentroInvestigacion\vendor\laravel\framework\src\Illuminate\Database\Schema\Blueprint.php(63): Illuminate\Database\Connection->statement('create table "i...')
#5 C:\xampp\htdocs\Git\CentroInvestigacion\vendor\laravel\framework\src\Illuminate\Database\Schema\Builder.php(169): Illuminate\Database\Schema\Blueprint->build(Object(Illuminate\Database\PostgresConnection), Object(Illuminate\Database\Schema\Grammars\PostgresGrammar))
#6 C:\xampp\htdocs\Git\CentroInvestigacion\vendor\laravel\framework\src\Illuminate\Database\Schema\Builder.php(112): Illuminate\Database\Schema\Builder->build(Object(Illuminate\Database\Schema\Blueprint))
#7 C:\xampp\htdocs\Git\CentroInvestigacion\bootstrap\compiled.php(3238): Illuminate\Database\Schema\Builder->create('inv_tipo_grupos', Object(Closure))
#8 C:\xampp\htdocs\Git\CentroInvestigacion\app\database\migrations\2014_10_10_173310_cinv_grupos.php(21): Illuminate\Support\Facades\Facade::__callStatic('create', Array)
#9 C:\xampp\htdocs\Git\CentroInvestigacion\app\database\migrations\2014_10_10_173310_cinv_grupos.php(21): Illuminate\Support\Facades\Schema::create('inv_tipo_grupos', Object(Closure))
#10 C:\xampp\htdocs\Git\CentroInvestigacion\vendor\laravel\framework\src\Illuminate\Database\Migrations\Migrator.php(135): CinvGrupos->up()
#11 C:\xampp\htdocs\Git\CentroInvestigacion\vendor\laravel\framework\src\Illuminate\Database\Migrations\Migrator.php(111): Illuminate\Database\Migrations\Migrator->runUp('2014_10_10_1733...', 2, false)
#12 C:\xampp\htdocs\Git\CentroInvestigacion\vendor\laravel\framework\src\Illuminate\Database\Migrations\Migrator.php(82): Illuminate\Database\Migrations\Migrator->runMigrationList(Array, false)
#13 C:\xampp\htdocs\Git\CentroInvestigacion\vendor\laravel\framework\src\Illuminate\Database\Console\Migrations\MigrateCommand.php(70): Illuminate\Database\Migrations\Migrator->run('C:\\xampp\\htdocs...', false)
#14 C:\xampp\htdocs\Git\CentroInvestigacion\vendor\laravel\framework\src\Illuminate\Console\Command.php(112): Illuminate\Database\Console\Migrations\MigrateCommand->fire()
#15 C:\xampp\htdocs\Git\CentroInvestigacion\vendor\symfony\console\Symfony\Component\Console\Command\Command.php(252): Illuminate\Console\Command->execute(Object(Symfony\Component\Console\Input\ArgvInput), Object(Symfony\Component\Console\Output\ConsoleOutput))
#16 C:\xampp\htdocs\Git\CentroInvestigacion\vendor\laravel\framework\src\Illuminate\Console\Command.php(100): Symfony\Component\Console\Command\Command->run(Object(Symfony\Component\Console\Input\ArgvInput), Object(Symfony\Component\Console\Output\ConsoleOutput))
#17 C:\xampp\htdocs\Git\CentroInvestigacion\vendor\symfony\console\Symfony\Component\Console\Application.php(889): Illuminate\Console\Command->run(Object(Symfony\Component\Console\Input\ArgvInput), Object(Symfony\Component\Console\Output\ConsoleOutput))
#18 C:\xampp\htdocs\Git\CentroInvestigacion\vendor\symfony\console\Symfony\Component\Console\Application.php(193): Symfony\Component\Console\Application->doRunCommand(Object(Illuminate\Database\Console\Migrations\MigrateCommand), Object(Symfony\Component\Console\Input\ArgvInput), Object(Symfony\Component\Console\Output\ConsoleOutput))
#19 C:\xampp\htdocs\Git\CentroInvestigacion\vendor\symfony\console\Symfony\Component\Console\Application.php(124): Symfony\Component\Console\Application->doRun(Object(Symfony\Component\Console\Input\ArgvInput), Object(Symfony\Component\Console\Output\ConsoleOutput))
#20 C:\xampp\htdocs\Git\CentroInvestigacion\artisan(59): Symfony\Component\Console\Application->run()
#21 {main}

Next exception 'Illuminate\Database\QueryException' with message 'SQLSTATE[42P07]: Duplicate table: 7 ERROR:  la relación «inv_tipo_grupos» ya existe (SQL: create table "inv_tipo_grupos" ("id_tipo_grupo" serial primary key not null, "nombre_grupo" text not null))' in C:\xampp\htdocs\Git\CentroInvestigacion\vendor\laravel\framework\src\Illuminate\Database\Connection.php:625
Stack trace:
#0 C:\xampp\htdocs\Git\CentroInvestigacion\vendor\laravel\framework\src\Illuminate\Database\Connection.php(581): Illuminate\Database\Connection->runQueryCallback('create table "i...', Array, Object(Closure))
#1 C:\xampp\htdocs\Git\CentroInvestigacion\vendor\laravel\framework\src\Illuminate\Database\Connection.php(370): Illuminate\Database\Connection->run('create table "i...', Array, Object(Closure))
#2 C:\xampp\htdocs\Git\CentroInvestigacion\vendor\laravel\framework\src\Illuminate\Database\Schema\Blueprint.php(63): Illuminate\Database\Connection->statement('create table "i...')
#3 C:\xampp\htdocs\Git\CentroInvestigacion\vendor\laravel\framework\src\Illuminate\Database\Schema\Builder.php(169): Illuminate\Database\Schema\Blueprint->build(Object(Illuminate\Database\PostgresConnection), Object(Illuminate\Database\Schema\Grammars\PostgresGrammar))
#4 C:\xampp\htdocs\Git\CentroInvestigacion\vendor\laravel\framework\src\Illuminate\Database\Schema\Builder.php(112): Illuminate\Database\Schema\Builder->build(Object(Illuminate\Database\Schema\Blueprint))
#5 C:\xampp\htdocs\Git\CentroInvestigacion\bootstrap\compiled.php(3238): Illuminate\Database\Schema\Builder->create('inv_tipo_grupos', Object(Closure))
#6 C:\xampp\htdocs\Git\CentroInvestigacion\app\database\migrations\2014_10_10_173310_cinv_grupos.php(21): Illuminate\Support\Facades\Facade::__callStatic('create', Array)
#7 C:\xampp\htdocs\Git\CentroInvestigacion\app\database\migrations\2014_10_10_173310_cinv_grupos.php(21): Illuminate\Support\Facades\Schema::create('inv_tipo_grupos', Object(Closure))
#8 C:\xampp\htdocs\Git\CentroInvestigacion\vendor\laravel\framework\src\Illuminate\Database\Migrations\Migrator.php(135): CinvGrupos->up()
#9 C:\xampp\htdocs\Git\CentroInvestigacion\vendor\laravel\framework\src\Illuminate\Database\Migrations\Migrator.php(111): Illuminate\Database\Migrations\Migrator->runUp('2014_10_10_1733...', 2, false)
#10 C:\xampp\htdocs\Git\CentroInvestigacion\vendor\laravel\framework\src\Illuminate\Database\Migrations\Migrator.php(82): Illuminate\Database\Migrations\Migrator->runMigrationList(Array, false)
#11 C:\xampp\htdocs\Git\CentroInvestigacion\vendor\laravel\framework\src\Illuminate\Database\Console\Migrations\MigrateCommand.php(70): Illuminate\Database\Migrations\Migrator->run('C:\\xampp\\htdocs...', false)
#12 C:\xampp\htdocs\Git\CentroInvestigacion\vendor\laravel\framework\src\Illuminate\Console\Command.php(112): Illuminate\Database\Console\Migrations\MigrateCommand->fire()
#13 C:\xampp\htdocs\Git\CentroInvestigacion\vendor\symfony\console\Symfony\Component\Console\Command\Command.php(252): Illuminate\Console\Command->execute(Object(Symfony\Component\Console\Input\ArgvInput), Object(Symfony\Component\Console\Output\ConsoleOutput))
#14 C:\xampp\htdocs\Git\CentroInvestigacion\vendor\laravel\framework\src\Illuminate\Console\Command.php(100): Symfony\Component\Console\Command\Command->run(Object(Symfony\Component\Console\Input\ArgvInput), Object(Symfony\Component\Console\Output\ConsoleOutput))
#15 C:\xampp\htdocs\Git\CentroInvestigacion\vendor\symfony\console\Symfony\Component\Console\Application.php(889): Illuminate\Console\Command->run(Object(Symfony\Component\Console\Input\ArgvInput), Object(Symfony\Component\Console\Output\ConsoleOutput))
#16 C:\xampp\htdocs\Git\CentroInvestigacion\vendor\symfony\console\Symfony\Component\Console\Application.php(193): Symfony\Component\Console\Application->doRunCommand(Object(Illuminate\Database\Console\Migrations\MigrateCommand), Object(Symfony\Component\Console\Input\ArgvInput), Object(Symfony\Component\Console\Output\ConsoleOutput))
#17 C:\xampp\htdocs\Git\CentroInvestigacion\vendor\symfony\console\Symfony\Component\Console\Application.php(124): Symfony\Component\Console\Application->doRun(Object(Symfony\Component\Console\Input\ArgvInput), Object(Symfony\Component\Console\Output\ConsoleOutput))
#18 C:\xampp\htdocs\Git\CentroInvestigacion\artisan(59): Symfony\Component\Console\Application->run()
#19 {main} [] []
[2014-10-10 18:16:12] production.ERROR: exception 'InvalidArgumentException' with message 'Command "migrate:roolback" is not defined.

Did you mean one of these?
    migrate:rollback
    migrate:reset
    migrate:refresh
    migrate:install
    migrate
    migrate:make
    migrate:publish' in C:\xampp\htdocs\Git\CentroInvestigacion\vendor\symfony\console\Symfony\Component\Console\Application.php:564
Stack trace:
#0 C:\xampp\htdocs\Git\CentroInvestigacion\vendor\symfony\console\Symfony\Component\Console\Application.php(190): Symfony\Component\Console\Application->find('migrate:roolbac...')
#1 C:\xampp\htdocs\Git\CentroInvestigacion\vendor\symfony\console\Symfony\Component\Console\Application.php(124): Symfony\Component\Console\Application->doRun(Object(Symfony\Component\Console\Input\ArgvInput), Object(Symfony\Component\Console\Output\ConsoleOutput))
#2 C:\xampp\htdocs\Git\CentroInvestigacion\artisan(59): Symfony\Component\Console\Application->run()
#3 {main} [] []
[2014-10-10 18:16:25] production.ERROR: exception 'Symfony\Component\Debug\Exception\FatalErrorException' with message 'Class 'InvGrupos' not found' in C:\xampp\htdocs\Git\CentroInvestigacion\vendor\laravel\framework\src\Illuminate\Database\Migrations\Migrator.php:301
Stack trace:
#0 [internal function]: Illuminate\Exception\Handler->handleShutdown()
#1 {main} [] []
[2014-10-10 18:19:32] production.ERROR: exception 'PDOException' with message 'SQLSTATE[42P01]: Undefined table: 7 ERROR:  no existe la tabla «tipo_inv_grupos»' in C:\xampp\htdocs\Git\CentroInvestigacion\vendor\laravel\framework\src\Illuminate\Database\Connection.php:369
Stack trace:
#0 C:\xampp\htdocs\Git\CentroInvestigacion\vendor\laravel\framework\src\Illuminate\Database\Connection.php(369): PDOStatement->execute(Array)
#1 C:\xampp\htdocs\Git\CentroInvestigacion\vendor\laravel\framework\src\Illuminate\Database\Connection.php(617): Illuminate\Database\Connection->Illuminate\Database\{closure}(Object(Illuminate\Database\PostgresConnection), 'drop table "tip...', Array)
#2 C:\xampp\htdocs\Git\CentroInvestigacion\vendor\laravel\framework\src\Illuminate\Database\Connection.php(581): Illuminate\Database\Connection->runQueryCallback('drop table "tip...', Array, Object(Closure))
#3 C:\xampp\htdocs\Git\CentroInvestigacion\vendor\laravel\framework\src\Illuminate\Database\Connection.php(370): Illuminate\Database\Connection->run('drop table "tip...', Array, Object(Closure))
#4 C:\xampp\htdocs\Git\CentroInvestigacion\vendor\laravel\framework\src\Illuminate\Database\Schema\Blueprint.php(63): Illuminate\Database\Connection->statement('drop table "tip...')
#5 C:\xampp\htdocs\Git\CentroInvestigacion\vendor\laravel\framework\src\Illuminate\Database\Schema\Builder.php(169): Illuminate\Database\Schema\Blueprint->build(Object(Illuminate\Database\PostgresConnection), Object(Illuminate\Database\Schema\Grammars\PostgresGrammar))
#6 C:\xampp\htdocs\Git\CentroInvestigacion\vendor\laravel\framework\src\Illuminate\Database\Schema\Builder.php(127): Illuminate\Database\Schema\Builder->build(Object(Illuminate\Database\Schema\Blueprint))
#7 C:\xampp\htdocs\Git\CentroInvestigacion\bootstrap\compiled.php(3236): Illuminate\Database\Schema\Builder->drop('tipo_inv_grupos')
#8 C:\xampp\htdocs\Git\CentroInvestigacion\app\database\migrations\2014_10_10_173310_cinv_grupos.php(53): Illuminate\Support\Facades\Facade::__callStatic('drop', Array)
#9 C:\xampp\htdocs\Git\CentroInvestigacion\app\database\migrations\2014_10_10_173310_cinv_grupos.php(53): Illuminate\Support\Facades\Schema::drop('tipo_inv_grupos')
#10 C:\xampp\htdocs\Git\CentroInvestigacion\vendor\laravel\framework\src\Illuminate\Database\Migrations\Migrator.php(199): CinvGrupos->down()
#11 C:\xampp\htdocs\Git\CentroInvestigacion\vendor\laravel\framework\src\Illuminate\Database\Migrations\Migrator.php(172): Illuminate\Database\Migrations\Migrator->runDown(Object(stdClass), false)
#12 C:\xampp\htdocs\Git\CentroInvestigacion\vendor\laravel\framework\src\Illuminate\Database\Console\Migrations\RollbackCommand.php(59): Illuminate\Database\Migrations\Migrator->rollback(false)
#13 C:\xampp\htdocs\Git\CentroInvestigacion\vendor\laravel\framework\src\Illuminate\Console\Command.php(112): Illuminate\Database\Console\Migrations\RollbackCommand->fire()
#14 C:\xampp\htdocs\Git\CentroInvestigacion\vendor\symfony\console\Symfony\Component\Console\Command\Command.php(252): Illuminate\Console\Command->execute(Object(Symfony\Component\Console\Input\ArgvInput), Object(Symfony\Component\Console\Output\ConsoleOutput))
#15 C:\xampp\htdocs\Git\CentroInvestigacion\vendor\laravel\framework\src\Illuminate\Console\Command.php(100): Symfony\Component\Console\Command\Command->run(Object(Symfony\Component\Console\Input\ArgvInput), Object(Symfony\Component\Console\Output\ConsoleOutput))
#16 C:\xampp\htdocs\Git\CentroInvestigacion\vendor\symfony\console\Symfony\Component\Console\Application.php(889): Illuminate\Console\Command->run(Object(Symfony\Component\Console\Input\ArgvInput), Object(Symfony\Component\Console\Output\ConsoleOutput))
#17 C:\xampp\htdocs\Git\CentroInvestigacion\vendor\symfony\console\Symfony\Component\Console\Application.php(193): Symfony\Component\Console\Application->doRunCommand(Object(Illuminate\Database\Console\Migrations\RollbackCommand), Object(Symfony\Component\Console\Input\ArgvInput), Object(Symfony\Component\Console\Output\ConsoleOutput))
#18 C:\xampp\htdocs\Git\CentroInvestigacion\vendor\symfony\console\Symfony\Component\Console\Application.php(124): Symfony\Component\Console\Application->doRun(Object(Symfony\Component\Console\Input\ArgvInput), Object(Symfony\Component\Console\Output\ConsoleOutput))
#19 C:\xampp\htdocs\Git\CentroInvestigacion\artisan(59): Symfony\Component\Console\Application->run()
#20 {main}

Next exception 'Illuminate\Database\QueryException' with message 'SQLSTATE[42P01]: Undefined table: 7 ERROR:  no existe la tabla «tipo_inv_grupos» (SQL: drop table "tipo_inv_grupos")' in C:\xampp\htdocs\Git\CentroInvestigacion\vendor\laravel\framework\src\Illuminate\Database\Connection.php:625
Stack trace:
#0 C:\xampp\htdocs\Git\CentroInvestigacion\vendor\laravel\framework\src\Illuminate\Database\Connection.php(581): Illuminate\Database\Connection->runQueryCallback('drop table "tip...', Array, Object(Closure))
#1 C:\xampp\htdocs\Git\CentroInvestigacion\vendor\laravel\framework\src\Illuminate\Database\Connection.php(370): Illuminate\Database\Connection->run('drop table "tip...', Array, Object(Closure))
#2 C:\xampp\htdocs\Git\CentroInvestigacion\vendor\laravel\framework\src\Illuminate\Database\Schema\Blueprint.php(63): Illuminate\Database\Connection->statement('drop table "tip...')
#3 C:\xampp\htdocs\Git\CentroInvestigacion\vendor\laravel\framework\src\Illuminate\Database\Schema\Builder.php(169): Illuminate\Database\Schema\Blueprint->build(Object(Illuminate\Database\PostgresConnection), Object(Illuminate\Database\Schema\Grammars\PostgresGrammar))
#4 C:\xampp\htdocs\Git\CentroInvestigacion\vendor\laravel\framework\src\Illuminate\Database\Schema\Builder.php(127): Illuminate\Database\Schema\Builder->build(Object(Illuminate\Database\Schema\Blueprint))
#5 C:\xampp\htdocs\Git\CentroInvestigacion\bootstrap\compiled.php(3236): Illuminate\Database\Schema\Builder->drop('tipo_inv_grupos')
#6 C:\xampp\htdocs\Git\CentroInvestigacion\app\database\migrations\2014_10_10_173310_cinv_grupos.php(53): Illuminate\Support\Facades\Facade::__callStatic('drop', Array)
#7 C:\xampp\htdocs\Git\CentroInvestigacion\app\database\migrations\2014_10_10_173310_cinv_grupos.php(53): Illuminate\Support\Facades\Schema::drop('tipo_inv_grupos')
#8 C:\xampp\htdocs\Git\CentroInvestigacion\vendor\laravel\framework\src\Illuminate\Database\Migrations\Migrator.php(199): CinvGrupos->down()
#9 C:\xampp\htdocs\Git\CentroInvestigacion\vendor\laravel\framework\src\Illuminate\Database\Migrations\Migrator.php(172): Illuminate\Database\Migrations\Migrator->runDown(Object(stdClass), false)
#10 C:\xampp\htdocs\Git\CentroInvestigacion\vendor\laravel\framework\src\Illuminate\Database\Console\Migrations\RollbackCommand.php(59): Illuminate\Database\Migrations\Migrator->rollback(false)
#11 C:\xampp\htdocs\Git\CentroInvestigacion\vendor\laravel\framework\src\Illuminate\Console\Command.php(112): Illuminate\Database\Console\Migrations\RollbackCommand->fire()
#12 C:\xampp\htdocs\Git\CentroInvestigacion\vendor\symfony\console\Symfony\Component\Console\Command\Command.php(252): Illuminate\Console\Command->execute(Object(Symfony\Component\Console\Input\ArgvInput), Object(Symfony\Component\Console\Output\ConsoleOutput))
#13 C:\xampp\htdocs\Git\CentroInvestigacion\vendor\laravel\framework\src\Illuminate\Console\Command.php(100): Symfony\Component\Console\Command\Command->run(Object(Symfony\Component\Console\Input\ArgvInput), Object(Symfony\Component\Console\Output\ConsoleOutput))
#14 C:\xampp\htdocs\Git\CentroInvestigacion\vendor\symfony\console\Symfony\Component\Console\Application.php(889): Illuminate\Console\Command->run(Object(Symfony\Component\Console\Input\ArgvInput), Object(Symfony\Component\Console\Output\ConsoleOutput))
#15 C:\xampp\htdocs\Git\CentroInvestigacion\vendor\symfony\console\Symfony\Component\Console\Application.php(193): Symfony\Component\Console\Application->doRunCommand(Object(Illuminate\Database\Console\Migrations\RollbackCommand), Object(Symfony\Component\Console\Input\ArgvInput), Object(Symfony\Component\Console\Output\ConsoleOutput))
#16 C:\xampp\htdocs\Git\CentroInvestigacion\vendor\symfony\console\Symfony\Component\Console\Application.php(124): Symfony\Component\Console\Application->doRun(Object(Symfony\Component\Console\Input\ArgvInput), Object(Symfony\Component\Console\Output\ConsoleOutput))
#17 C:\xampp\htdocs\Git\CentroInvestigacion\artisan(59): Symfony\Component\Console\Application->run()
#18 {main} [] []
